<?xml version="1.0" encoding="UTF-8"?>
<!-- Generated by org.testng.reporters.JUnitReportReporter -->
<testsuite name="com.hright.test.LeaveBalanceTest" tests="1" time="25.538" ignored="0" failures="0" timestamp="13 九月 2020 07:48:04 GMT" skipped="0" hostname="DESKTOP-PMM4AS6" errors="0">
  <testcase name="VerifyBalance" time="25.538" classname="com.hright.test.LeaveBalanceTest"/>
</testsuite> <!-- com.hright.test.LeaveBalanceTest -->
