<?xml version="1.0" encoding="UTF-8"?>
<!-- Generated by org.testng.reporters.JUnitReportReporter -->
<testsuite name="com.hright.test.LoginTest" tests="1" time="14.694" ignored="0" failures="0" timestamp="14 九月 2020 13:44:36 GMT" skipped="0" hostname="DESKTOP-PMM4AS6" errors="0">
  <testcase name="Hright" time="14.694" classname="com.hright.test.LoginTest"/>
</testsuite> <!-- com.hright.test.LoginTest -->
